Flow report for ProtoVDG
Wed Jul 02 17:25:45 2025
Quartus II 64-Bit Version 13.0.1 Build 232 06/12/2013 Service Pack 1 SJ Web Edition


---------------------
; Table of Contents ;
---------------------
  1. Legal Notice
  2. Flow Summary
  3. Flow Settings
  4. Flow Non-Default Global Settings
  5. Flow Elapsed Time
  6. Flow OS Summary
  7. Flow Log
  8. Flow Messages
  9. Flow Suppressed Messages



----------------
; Legal Notice ;
----------------
Copyright (C) 1991-2013 Altera Corporation
Your use of Altera Corporation's design tools, logic functions 
and other software and tools, and its AMPP partner logic 
functions, and any output files from any of the foregoing 
(including device programming or simulation files), and any 
associated documentation or information are expressly subject 
to the terms and conditions of the Altera Program License 
Subscription Agreement, Altera MegaCore Function License 
Agreement, or other applicable license agreement, including, 
without limitation, that your use is for the sole purpose of 
programming logic devices manufactured by Altera and sold by 
Altera or its authorized distributors.  Please refer to the 
applicable agreement for further details.



+-----------------------------------------------------------------------------+
; Flow Summary                                                                ;
+---------------------------+-------------------------------------------------+
; Flow Status               ; Successful - Wed Jul 02 17:25:45 2025           ;
; Quartus II 64-Bit Version ; 13.0.1 Build 232 06/12/2013 SP 1 SJ Web Edition ;
; Revision Name             ; ProtoVDG                                        ;
; Top-level Entity Name     ; ProtoVDG                                        ;
; Family                    ; MAX7000S                                        ;
; Device                    ; EPM7128SLC84-10                                 ;
; Timing Models             ; Final                                           ;
; Total macrocells          ; 114 / 128 ( 89 % )                              ;
; Total pins                ; 38 / 68 ( 56 % )                                ;
+---------------------------+-------------------------------------------------+


+-----------------------------------------+
; Flow Settings                           ;
+-------------------+---------------------+
; Option            ; Setting             ;
+-------------------+---------------------+
; Start date & time ; 07/02/2025 17:25:35 ;
; Main task         ; Compilation         ;
; Revision Name     ; ProtoVDG            ;
+-------------------+---------------------+


+-----------------------------------------------------------------------------------------------------------------------+
; Flow Non-Default Global Settings                                                                                      ;
+---------------------------------+--------------------------------+---------------+-------------+----------------------+
; Assignment Name                 ; Value                          ; Default Value ; Entity Name ; Section Id           ;
+---------------------------------+--------------------------------+---------------+-------------+----------------------+
; COMPILER_SIGNATURE_ID           ; 71126652582353.175147353522364 ; --            ; --          ; --                   ;
; EDA_DESIGN_ENTRY_SYNTHESIS_TOOL ; Design Compiler                ; <None>        ; --          ; --                   ;
; EDA_INPUT_DATA_FORMAT           ; Verilog Hdl                    ; --            ; --          ; eda_design_synthesis ;
; EDA_INPUT_VCC_NAME              ; Vdd                            ; --            ; --          ; eda_design_synthesis ;
; EDA_LMF_FILE                    ; altsyn.lmf                     ; --            ; --          ; eda_design_synthesis ;
; EDA_OUTPUT_DATA_FORMAT          ; Verilog Hdl                    ; --            ; --          ; eda_simulation       ;
; EDA_SIMULATION_TOOL             ; QuestaSim (Verilog)            ; <None>        ; --          ; --                   ;
; EDA_TIME_SCALE                  ; 1 ps                           ; --            ; --          ; eda_simulation       ;
; FITTER_EFFORT                   ; Standard Fit                   ; Auto Fit      ; --          ; --                   ;
; OPTIMIZE_HOLD_TIMING            ; Off                            ; --            ; --          ; --                   ;
; PROJECT_OUTPUT_DIRECTORY        ; output_files                   ; --            ; --          ; --                   ;
+---------------------------------+--------------------------------+---------------+-------------+----------------------+


+-------------------------------------------------------------------------------------------------------------------------------+
; Flow Elapsed Time                                                                                                             ;
+---------------------------+--------------+-------------------------+---------------------+------------------------------------+
; Module Name               ; Elapsed Time ; Average Processors Used ; Peak Virtual Memory ; Total CPU Time (on all processors) ;
+---------------------------+--------------+-------------------------+---------------------+------------------------------------+
; Analysis & Synthesis      ; 00:00:04     ; 1.0                     ; 4583 MB             ; 00:00:04                           ;
; Fitter                    ; 00:00:01     ; 1.0                     ; 4692 MB             ; 00:00:01                           ;
; Assembler                 ; 00:00:01     ; 1.0                     ; 4504 MB             ; 00:00:01                           ;
; TimeQuest Timing Analyzer ; 00:00:01     ; 1.0                     ; 4513 MB             ; 00:00:01                           ;
; EDA Netlist Writer        ; 00:00:01     ; 1.0                     ; 4500 MB             ; 00:00:00                           ;
; Total                     ; 00:00:08     ; --                      ; --                  ; 00:00:07                           ;
+---------------------------+--------------+-------------------------+---------------------+------------------------------------+


+----------------------------------------------------------------------------------------+
; Flow OS Summary                                                                        ;
+---------------------------+------------------+-----------+------------+----------------+
; Module Name               ; Machine Hostname ; OS Name   ; OS Version ; Processor type ;
+---------------------------+------------------+-----------+------------+----------------+
; Analysis & Synthesis      ; Omega            ; Windows 7 ; 6.2        ; x86_64         ;
; Fitter                    ; Omega            ; Windows 7 ; 6.2        ; x86_64         ;
; Assembler                 ; Omega            ; Windows 7 ; 6.2        ; x86_64         ;
; TimeQuest Timing Analyzer ; Omega            ; Windows 7 ; 6.2        ; x86_64         ;
; EDA Netlist Writer        ; Omega            ; Windows 7 ; 6.2        ; x86_64         ;
+---------------------------+------------------+-----------+------------+----------------+


------------
; Flow Log ;
------------
quartus_map --read_settings_files=on --write_settings_files=off ProtoVDG -c ProtoVDG
quartus_fit --read_settings_files=off --write_settings_files=off ProtoVDG -c ProtoVDG
quartus_asm --read_settings_files=off --write_settings_files=off ProtoVDG -c ProtoVDG
quartus_sta ProtoVDG -c ProtoVDG
quartus_eda --read_settings_files=off --write_settings_files=off ProtoVDG -c ProtoVDG



